<?xml version="1.0" encoding="UTF-8"?>
<!-- Generated by org.testng.reporters.JUnitXMLReporter -->
<testsuite ignored="3" hostname="Della-PC" failures="0" tests="1" name="Test" time="8.48" errors="0" timestamp="2024-11-14T17:12:28 IST">
  <testcase classname="testscript.Logintest" name="verifyuserisnotabletologinwithinvalidcredentials" time="3.275"/>
  <testcase classname="testscript.Logintest" name="verifyuserisnotabletologinwithinvalidpassword" time="0.0">
    <ignored/>
  </testcase> <!-- verifyuserisnotabletologinwithinvalidpassword -->
  <testcase classname="testscript.Logintest" name="verifyuserisnotabletologinwithinvalidusername" time="0.0">
    <ignored/>
  </testcase> <!-- verifyuserisnotabletologinwithinvalidusername -->
  <testcase classname="testscript.Logintest" name="verifyuserisabletologinwithvalidcredentials" time="0.0">
    <ignored/>
  </testcase> <!-- verifyuserisabletologinwithvalidcredentials -->
</testsuite> <!-- Test -->
