<?xml version="1.0" encoding="UTF-8"?>
<!-- Generated by org.testng.reporters.JUnitXMLReporter -->
<testsuite ignored="3" hostname="Della-PC" failures="0" tests="1" name="grouping.xml" time="7.939" errors="0" timestamp="2024-11-14T17:00:48 IST">
  <testcase classname="testscript.Logintest" name="verifyuserisnotabletologinwithinvalidusername" time="3.328"/>
  <testcase classname="testscript.Logintest" name="verifyuserisnotabletologinwithinvalidcredentials" time="0.0">
    <ignored/>
  </testcase> <!-- verifyuserisnotabletologinwithinvalidcredentials -->
  <testcase classname="testscript.Logintest" name="verifyuserisnotabletologinwithinvalidpassword" time="0.0">
    <ignored/>
  </testcase> <!-- verifyuserisnotabletologinwithinvalidpassword -->
  <testcase classname="testscript.Logintest" name="verifyuserisabletologinwithvalidcredentials" time="0.0">
    <ignored/>
  </testcase> <!-- verifyuserisabletologinwithvalidcredentials -->
</testsuite> <!-- grouping.xml -->
